Type [C-a] [C-h] to see available commands

Terminal ready

[dht_demo]
temperature = 245
humidity = 364

x
temperature = 245
humidity = 366

x
temperature = 245
humidity = 361

x
temperature = 245
humidity = 361

x
temperature = 245
humidity = 361

x
temperature = 244
humidity = 359

x
temperature = 244
humidity = 359

x
temperature = 244
humidity = 360

x
temperature = 243
humidity = 359

x
temperature = 243
humidity = 360

x
temperature = 243
humidity = 360

x
temperature = 242
humidity = 360

x
temperature = 242
humidity = 360

x
temperature = 242
humidity = 360

x
temperature = 242
humidity = 361

x
temperature = 242
humidity = 361

x
temperature = 241
humidity = 362

x
temperature = 241
humidity = 363

x
temperature = 241
humidity = 363

x
temperature = 241
humidity = 364

x
temperature = 240
humidity = 364

x
temperature = 240
humidity = 365

x
temperature = 240
humidity = 366

x
temperature = 240
humidity = 366

x
temperature = 240
humidity = 366

x
temperature = 240
humidity = 365

x
temperature = 239
humidity = 366

x
temperature = 239
humidity = 366

x
temperature = 239
humidity = 366

x
temperature = 238
humidity = 366

x
temperature = 239
humidity = 367

x
temperature = 238
humidity = 366

x
temperature = 238
humidity = 366

x
temperature = 238
humidity = 367

x
temperature = 238
humidity = 368

x
temperature = 237
humidity = 368

x
temperature = 237
humidity = 368

x
temperature = 237
humidity = 369

x
temperature = 237
humidity = 369

x
temperature = 237
humidity = 369

x
temperature = 237
humidity = 369

x
temperature = 236
humidity = 369

x
temperature = 236
humidity = 369

x
temperature = 236
humidity = 369

x
temperature = 236
humidity = 369

x
temperature = 235
humidity = 370

x
temperature = 235
humidity = 371

x
temperature = 235
humidity = 371

x
temperature = 235
humidity = 372

x
temperature = 235
humidity = 372

x
temperature = 235
humidity = 373

x
temperature = 234
humidity = 373

x
temperature = 234
humidity = 372

x
temperature = 234
humidity = 372

x
temperature = 234
humidity = 374

x
temperature = 233
humidity = 375

x
temperature = 233
humidity = 376

x
temperature = 233
humidity = 377

x
temperature = 233
humidity = 377

x
temperature = 233
humidity = 377

x
temperature = 233
humidity = 377

x
temperature = 233
humidity = 378

x
temperature = 233
humidity = 378

x
temperature = 233
humidity = 376

x
temperature = 233
humidity = 373

x
temperature = 233
humidity = 370

x
temperature = 233
humidity = 370

x
x
temperature = 232
humidity = 365

x
temperature = 232
humidity = 374

x
temperature = 231
humidity = 375

x
temperature = 231
humidity = 375

x
temperature = 231
humidity = 375

x
temperature = 231
humidity = 373

x
temperature = 231
humidity = 371

x
temperature = 231
humidity = 371

x
temperature = 230
humidity = 371

x
temperature = 230
humidity = 372

x
temperature = 230
humidity = 374

x
temperature = 230
humidity = 374

x
temperature = 229
humidity = 375

x
temperature = 229
humidity = 376

x
temperature = 229
humidity = 376

x
temperature = 229
humidity = 376

x
temperature = 229
humidity = 376

x
temperature = 229
humidity = 377

x
temperature = 229
humidity = 377

x
temperature = 229
humidity = 378

x
temperature = 229
humidity = 378

x
temperature = 229
humidity = 379

x
temperature = 229
humidity = 379

x
temperature = 229
humidity = 379

x
temperature = 229
humidity = 380

x
temperature = 229
humidity = 380

x
temperature = 229
humidity = 381

x
temperature = 228
humidity = 380

x
temperature = 229
humidity = 381

x
temperature = 229
humidity = 381

x
temperature = 229
humidity = 381

x
temperature = 229
humidity = 381

x
temperature = 229
humidity = 381

x
temperature = 229
humidity = 381

x
temperature = 229
humidity = 381

x
temperature = 228
humidity = 379

x
temperature = 228
humidity = 380

x
temperature = 228
humidity = 380

x
temperature = 228
humidity = 380

x
temperature = 228
humidity = 380

x
temperature = 228
humidity = 381

x
temperature = 228
humidity = 381

x
temperature = 228
humidity = 381

x
temperature = 228
humidity = 381

x
temperature = 228
humidity = 382

x
temperature = 228
humidity = 382

x
temperature = 228
humidity = 382

x
temperature = 228
humidity = 382

x
temperature = 228
humidity = 382

x
temperature = 228
humidity = 382

x
x
x
x
x
x
x
x
x
x
temperature = 228
humidity = 427

x
temperature = 228
humidity = 473

x
temperature = 229
humidity = 509

x
temperature = 230
humidity = 473

x
temperature = 232
humidity = 443

x
temperature = 233
humidity = 419

x
temperature = 233
humidity = 405

x
temperature = 234
humidity = 398

x
temperature = 234
humidity = 394

x
temperature = 234
humidity = 391

x
temperature = 234
humidity = 389

x
temperature = 234
humidity = 387

x
temperature = 234
humidity = 386

x

FATAL: term closed
picocom v2.2

port is        : /dev/ttyUSB0
flowcontrol    : none
baudrate is    : 57600
parity is      : none
databits are   : 8
stopbits are   : 1
escape is      : C-a
local echo is  : no
noinit is      : no
noreset is     : no
nolock is      : no
send_cmd is    : sz -vv
receive_cmd is : rz -vv -E
imap is        : 
omap is        : 
emap is        : crcrlf,delbs,

